Build started 7/23/2012 6:20:50 PM.
     1>Project "C:\Users\Disco\Desktop\George\Packages\box2d\svn\box2d-read-only\Box2D\Build\vs2010\GLUI.vcxproj" on node 3 (build target(s)).
     1>PrepareForBuild:
         Creating directory "bin\Debug\".
       InitializeBuildStatus:
         Creating "obj\x32\Debug\GLUI\GLUI.unsuccessfulbuild" because "AlwaysCreate" was specified.
       ClCompile:
         c:\Program Files\Microsoft Visual Studio 10.0\VC\bin\CL.exe /c /I..\.. /ZI /nologo /W3 /WX- /Od /Oy- /D _CRT_SECURE_NO_WARNINGS /D _MBCS /Gm /EHsc /RTC1 /MDd /GS /Gy /fp:precise /Zc:wchar_t /Zc:forScope /Fo"obj\x32\Debug\GLUI\\" /Fd"bin\Debug\GLUI.pdb" /Gd /TP /analyze- /errorReport:prompt ..\..\glui\algebra3.cpp ..\..\glui\arcball.cpp ..\..\glui\glui.cpp ..\..\glui\glui_add_controls.cpp ..\..\glui\glui_bitmaps.cpp ..\..\glui\glui_bitmap_img_data.cpp ..\..\glui\glui_button.cpp ..\..\glui\glui_checkbox.cpp ..\..\glui\glui_column.cpp ..\..\glui\glui_commandline.cpp ..\..\glui\glui_control.cpp ..\..\glui\glui_edittext.cpp ..\..\glui\glui_filebrowser.cpp ..\..\glui\glui_list.cpp ..\..\glui\glui_listbox.cpp ..\..\glui\glui_mouse_iaction.cpp ..\..\glui\glui_node.cpp ..\..\glui\glui_panel.cpp ..\..\glui\glui_radio.cpp ..\..\glui\glui_rollout.cpp ..\..\glui\glui_rotation.cpp ..\..\glui\glui_scrollbar.cpp ..\..\glui\glui_separator.cpp ..\..\glui\glui_spinner.cpp ..\..\glui\glui_statictext.cpp ..\..\glui\glui_string.cpp ..\..\glui\glui_textbox.cpp ..\..\glui\glui_translation.cpp ..\..\glui\glui_tree.cpp ..\..\glui\glui_treepanel.cpp ..\..\glui\glui_window.cpp ..\..\glui\quaternion.cpp /W1 
     1>cl : Command line warning D9025: overriding '/W3' with '/W1'
         quaternion.cpp
         glui_window.cpp
         glui_treepanel.cpp
         glui_tree.cpp
         glui_translation.cpp
         glui_textbox.cpp
         glui_string.cpp
         glui_statictext.cpp
         glui_spinner.cpp
         glui_separator.cpp
         glui_scrollbar.cpp
         glui_rotation.cpp
         glui_rollout.cpp
         glui_radio.cpp
         glui_panel.cpp
         glui_node.cpp
         glui_mouse_iaction.cpp
         glui_listbox.cpp
         glui_list.cpp
         glui_filebrowser.cpp
         Generating Code...
         Compiling...
         glui_edittext.cpp
         glui_control.cpp
         glui_commandline.cpp
         glui_column.cpp
         glui_checkbox.cpp
         glui_button.cpp
         glui_bitmap_img_data.cpp
         glui_bitmaps.cpp
         glui_add_controls.cpp
         glui.cpp
         arcball.cpp
         algebra3.cpp
         Generating Code...
       Lib:
         c:\Program Files\Microsoft Visual Studio 10.0\VC\bin\Lib.exe /OUT:"bin\Debug\GLUI.lib" /NOLOGO /MACHINE:X86 obj\x32\Debug\GLUI\algebra3.obj
         obj\x32\Debug\GLUI\arcball.obj
         obj\x32\Debug\GLUI\glui.obj
         obj\x32\Debug\GLUI\glui_add_controls.obj
         obj\x32\Debug\GLUI\glui_bitmaps.obj
         obj\x32\Debug\GLUI\glui_bitmap_img_data.obj
         obj\x32\Debug\GLUI\glui_button.obj
         obj\x32\Debug\GLUI\glui_checkbox.obj
         obj\x32\Debug\GLUI\glui_column.obj
         obj\x32\Debug\GLUI\glui_commandline.obj
         obj\x32\Debug\GLUI\glui_control.obj
         obj\x32\Debug\GLUI\glui_edittext.obj
         obj\x32\Debug\GLUI\glui_filebrowser.obj
         obj\x32\Debug\GLUI\glui_list.obj
         obj\x32\Debug\GLUI\glui_listbox.obj
         obj\x32\Debug\GLUI\glui_mouse_iaction.obj
         obj\x32\Debug\GLUI\glui_node.obj
         obj\x32\Debug\GLUI\glui_panel.obj
         obj\x32\Debug\GLUI\glui_radio.obj
         obj\x32\Debug\GLUI\glui_rollout.obj
         obj\x32\Debug\GLUI\glui_rotation.obj
         obj\x32\Debug\GLUI\glui_scrollbar.obj
         obj\x32\Debug\GLUI\glui_separator.obj
         obj\x32\Debug\GLUI\glui_spinner.obj
         obj\x32\Debug\GLUI\glui_statictext.obj
         obj\x32\Debug\GLUI\glui_string.obj
         obj\x32\Debug\GLUI\glui_textbox.obj
         obj\x32\Debug\GLUI\glui_translation.obj
         obj\x32\Debug\GLUI\glui_tree.obj
         obj\x32\Debug\GLUI\glui_treepanel.obj
         obj\x32\Debug\GLUI\glui_window.obj
         obj\x32\Debug\GLUI\quaternion.obj
         GLUI.vcxproj -> C:\Users\Disco\Desktop\George\Packages\box2d\svn\box2d-read-only\Box2D\Build\vs2010\bin\Debug\GLUI.lib
       FinalizeBuildStatus:
         Deleting file "obj\x32\Debug\GLUI\GLUI.unsuccessfulbuild".
         Touching "obj\x32\Debug\GLUI\GLUI.lastbuildstate".
     1>Done Building Project "C:\Users\Disco\Desktop\George\Packages\box2d\svn\box2d-read-only\Box2D\Build\vs2010\GLUI.vcxproj" (build target(s)).

Build succeeded.

Time Elapsed 00:00:31.69
