Build started 7/28/2012 7:34:59 PM.
     1>Project "C:\Users\Disco\Desktop\George\Packages\box2d\svn\box2d-read-only\Box2D\Build\vs2010\vee_tut\vee_tut.vcxproj" on node 2 (build target(s)).
     1>InitializeBuildStatus:
         Touching "Debug\vee_tut.unsuccessfulbuild".
       ClCompile:
         c:\Program Files\Microsoft Visual Studio 10.0\VC\bin\CL.exe /c /I..\..\.. /ZI /nologo /W3 /WX- /Od /Oy- /D WIN32 /D _DEBUG /D _WINDOWS /D _UNICODE /D UNICODE /Gm /EHsc /RTC1 /MDd /GS /fp:precise /Zc:wchar_t /Zc:forScope /Fo"Debug\\" /Fd"Debug\vc100.pdb" /Gd /TP /analyze- /errorReport:prompt ..\..\..\HelloWorld\Helloworld.cpp ..\..\..\HelloWorld\Helloworld.cpp
         Helloworld.cpp
     1>c:\users\disco\desktop\george\packages\box2d\svn\box2d-read-only\box2d\helloworld\helloworld.cpp(458): warning C4996: 'sprintf': This function or variable may be unsafe. Consider using sprintf_s instead. To disable deprecation, use _CRT_SECURE_NO_WARNINGS. See online help for details.
                 c:\program files\microsoft visual studio 10.0\vc\include\stdio.h(371) : see declaration of 'sprintf'
     1>c:\users\disco\desktop\george\packages\box2d\svn\box2d-read-only\box2d\helloworld\helloworld.cpp(594): warning C4305: '=' : truncation from 'double' to 'float32'
     1>c:\users\disco\desktop\george\packages\box2d\svn\box2d-read-only\box2d\helloworld\helloworld.cpp(595): warning C4305: '=' : truncation from 'double' to 'float32'
         Helloworld.cpp
     1>c:\users\disco\desktop\george\packages\box2d\svn\box2d-read-only\box2d\helloworld\helloworld.cpp(458): warning C4996: 'sprintf': This function or variable may be unsafe. Consider using sprintf_s instead. To disable deprecation, use _CRT_SECURE_NO_WARNINGS. See online help for details.
                 c:\program files\microsoft visual studio 10.0\vc\include\stdio.h(371) : see declaration of 'sprintf'
     1>c:\users\disco\desktop\george\packages\box2d\svn\box2d-read-only\box2d\helloworld\helloworld.cpp(594): warning C4305: '=' : truncation from 'double' to 'float32'
     1>c:\users\disco\desktop\george\packages\box2d\svn\box2d-read-only\box2d\helloworld\helloworld.cpp(595): warning C4305: '=' : truncation from 'double' to 'float32'
         Generating Code...
       ResourceCompile:
         All outputs are up-to-date.
       ManifestResourceCompile:
         All outputs are up-to-date.
       Link:
         c:\Program Files\Microsoft Visual Studio 10.0\VC\bin\link.exe /ERRORREPORT:PROMPT /OUT:"C:\Users\Disco\Desktop\George\Packages\box2d\svn\box2d-read-only\Box2D\Build\vs2010\Debug\vee_tut.exe" /INCREMENTAL /NOLOGO /LIBPATH:..\bin\Debug ..\bin\Debug\Box2D.lib ..\bin\Debug\FreeGLUT.lib ..\bin\Debug\GLUI.lib glu32.lib opengl32.lib winmm.lib kernel32.lib user32.lib gdi32.lib winspool.lib comdlg32.lib advapi32.lib shell32.lib ole32.lib oleaut32.lib uuid.lib odbc32.lib odbccp32.lib /MANIFEST /ManifestFile:"Debug\vee_tut.exe.intermediate.manifest" /MANIFESTUAC:"level='asInvoker' uiAccess='false'" /DEBUG /PDB:"C:\Users\Disco\Desktop\George\Packages\box2d\svn\box2d-read-only\Box2D\Build\vs2010\Debug\vee_tut.pdb" /SUBSYSTEM:WINDOWS /TLBID:1 /ENTRY:"mainCRTStartup" /DYNAMICBASE /NXCOMPAT /IMPLIB:"C:\Users\Disco\Desktop\George\Packages\box2d\svn\box2d-read-only\Box2D\Build\vs2010\Debug\vee_tut.lib" /MACHINE:X86 Debug\vee_tut.res
         Debug\vee_tut.exe.embed.manifest.res
         Debug\Helloworld.obj
         Debug\Helloworld.obj
         Debug\Main.obj
         Debug\Render.obj
         Debug\Test.obj
         Debug\veetut.obj
     1>Debug\Helloworld.obj : warning LNK4042: object specified more than once; extras ignored
       Manifest:
         C:\Program Files\Microsoft SDKs\Windows\v7.0A\bin\mt.exe /nologo /verbose /out:"Debug\vee_tut.exe.embed.manifest" /manifest Debug\vee_tut.exe.intermediate.manifest
         All outputs are up-to-date.
       LinkEmbedManifest:
         All outputs are up-to-date.
         vee_tut.vcxproj -> C:\Users\Disco\Desktop\George\Packages\box2d\svn\box2d-read-only\Box2D\Build\vs2010\Debug\vee_tut.exe
       FinalizeBuildStatus:
         Deleting file "Debug\vee_tut.unsuccessfulbuild".
         Touching "Debug\vee_tut.lastbuildstate".
     1>Done Building Project "C:\Users\Disco\Desktop\George\Packages\box2d\svn\box2d-read-only\Box2D\Build\vs2010\vee_tut\vee_tut.vcxproj" (build target(s)).

Build succeeded.

Time Elapsed 00:00:03.61
