C:\Users\Disco\Desktop\George\MME\sourcecontrol\MME_Entertainment\box2d\svn\box2d-read-only\Box2D\Build\boxengine\Debug\boxengine.dll.embed.manifest
C:\Users\Disco\Desktop\George\MME\sourcecontrol\MME_Entertainment\box2d\svn\box2d-read-only\Box2D\Build\boxengine\Debug\boxengine.dll.embed.manifest.res
C:\Users\Disco\Desktop\George\MME\sourcecontrol\MME_Entertainment\box2d\svn\box2d-read-only\Box2D\Build\boxengine\Debug\boxengine.dll.intermediate.manifest
C:\Users\Disco\Desktop\George\MME\sourcecontrol\MME_Entertainment\box2d\svn\box2d-read-only\Box2D\Build\boxengine\Debug\boxengine.obj
C:\Users\Disco\Desktop\George\MME\sourcecontrol\MME_Entertainment\box2d\svn\box2d-read-only\Box2D\Build\boxengine\Debug\boxengine.pch
C:\Users\Disco\Desktop\George\MME\sourcecontrol\MME_Entertainment\box2d\svn\box2d-read-only\Box2D\Build\boxengine\Debug\boxengine.write.1.tlog
C:\Users\Disco\Desktop\George\MME\sourcecontrol\MME_Entertainment\box2d\svn\box2d-read-only\Box2D\Build\boxengine\Debug\boxengine_manifest.rc
C:\Users\Disco\Desktop\George\MME\sourcecontrol\MME_Entertainment\box2d\svn\box2d-read-only\Box2D\Build\boxengine\Debug\cl.command.1.tlog
C:\Users\Disco\Desktop\George\MME\sourcecontrol\MME_Entertainment\box2d\svn\box2d-read-only\Box2D\Build\boxengine\Debug\CL.read.1.tlog
C:\Users\Disco\Desktop\George\MME\sourcecontrol\MME_Entertainment\box2d\svn\box2d-read-only\Box2D\Build\boxengine\Debug\CL.write.1.tlog
C:\Users\Disco\Desktop\George\MME\sourcecontrol\MME_Entertainment\box2d\svn\box2d-read-only\Box2D\Build\boxengine\Debug\dllmain.obj
C:\Users\Disco\Desktop\George\MME\sourcecontrol\MME_Entertainment\box2d\svn\box2d-read-only\Box2D\Build\boxengine\Debug\link.4580.read.1.tlog
C:\Users\Disco\Desktop\George\MME\sourcecontrol\MME_Entertainment\box2d\svn\box2d-read-only\Box2D\Build\boxengine\Debug\link.4580.write.1.tlog
C:\Users\Disco\Desktop\George\MME\sourcecontrol\MME_Entertainment\box2d\svn\box2d-read-only\Box2D\Build\boxengine\Debug\link.4580-cvtres.read.1.tlog
C:\Users\Disco\Desktop\George\MME\sourcecontrol\MME_Entertainment\box2d\svn\box2d-read-only\Box2D\Build\boxengine\Debug\link.4580-cvtres.write.1.tlog
C:\Users\Disco\Desktop\George\MME\sourcecontrol\MME_Entertainment\box2d\svn\box2d-read-only\Box2D\Build\boxengine\Debug\link.command.1.tlog
C:\Users\Disco\Desktop\George\MME\sourcecontrol\MME_Entertainment\box2d\svn\box2d-read-only\Box2D\Build\boxengine\Debug\link.read.1.tlog
C:\Users\Disco\Desktop\George\MME\sourcecontrol\MME_Entertainment\box2d\svn\box2d-read-only\Box2D\Build\boxengine\Debug\link.write.1.tlog
C:\Users\Disco\Desktop\George\MME\sourcecontrol\MME_Entertainment\box2d\svn\box2d-read-only\Box2D\Build\boxengine\Debug\link-cvtres.read.1.tlog
C:\Users\Disco\Desktop\George\MME\sourcecontrol\MME_Entertainment\box2d\svn\box2d-read-only\Box2D\Build\boxengine\Debug\link-cvtres.write.1.tlog
C:\Users\Disco\Desktop\George\MME\sourcecontrol\MME_Entertainment\box2d\svn\box2d-read-only\Box2D\Build\boxengine\Debug\mt.command.1.tlog
C:\Users\Disco\Desktop\George\MME\sourcecontrol\MME_Entertainment\box2d\svn\box2d-read-only\Box2D\Build\boxengine\Debug\mt.read.1.tlog
C:\Users\Disco\Desktop\George\MME\sourcecontrol\MME_Entertainment\box2d\svn\box2d-read-only\Box2D\Build\boxengine\Debug\mt.write.1.tlog
C:\Users\Disco\Desktop\George\MME\sourcecontrol\MME_Entertainment\box2d\svn\box2d-read-only\Box2D\Build\boxengine\Debug\rc.command.1.tlog
C:\Users\Disco\Desktop\George\MME\sourcecontrol\MME_Entertainment\box2d\svn\box2d-read-only\Box2D\Build\boxengine\Debug\rc.read.1.tlog
C:\Users\Disco\Desktop\George\MME\sourcecontrol\MME_Entertainment\box2d\svn\box2d-read-only\Box2D\Build\boxengine\Debug\rc.write.1.tlog
C:\Users\Disco\Desktop\George\MME\sourcecontrol\MME_Entertainment\box2d\svn\box2d-read-only\Box2D\Build\boxengine\Debug\stdafx.obj
C:\Users\Disco\Desktop\George\MME\sourcecontrol\MME_Entertainment\box2d\svn\box2d-read-only\Box2D\Build\boxengine\Debug\vc100.idb
C:\Users\Disco\Desktop\George\MME\sourcecontrol\MME_Entertainment\box2d\svn\box2d-read-only\Box2D\Build\boxengine\Debug\vc100.pdb
C:\Users\Disco\Desktop\George\MME\sourcecontrol\MME_Entertainment\box2d\svn\box2d-read-only\Box2D\Build\vs2010\Debug\boxengine.dll
C:\Users\Disco\Desktop\George\MME\sourcecontrol\MME_Entertainment\box2d\svn\box2d-read-only\Box2D\Build\vs2010\Debug\boxengine.ilk
C:\Users\Disco\Desktop\George\MME\sourcecontrol\MME_Entertainment\box2d\svn\box2d-read-only\Box2D\Build\vs2010\Debug\boxengine.pdb
C:\USERS\DISCO\DESKTOP\GEORGE\PACKAGES\BOX2D\SVN\BOX2D-READ-ONLY\BOX2D\BUILD\BOXENGINE\DEBUG\BOXENGINE.DLL.EMBED.MANIFEST
C:\USERS\DISCO\DESKTOP\GEORGE\PACKAGES\BOX2D\SVN\BOX2D-READ-ONLY\BOX2D\BUILD\BOXENGINE\DEBUG\BOXENGINE.DLL.EMBED.MANIFEST.RES
C:\USERS\DISCO\DESKTOP\GEORGE\PACKAGES\BOX2D\SVN\BOX2D-READ-ONLY\BOX2D\BUILD\BOXENGINE\DEBUG\BOXENGINE.DLL.INTERMEDIATE.MANIFEST
C:\USERS\DISCO\DESKTOP\GEORGE\PACKAGES\BOX2D\SVN\BOX2D-READ-ONLY\BOX2D\BUILD\BOXENGINE\DEBUG\BOXENGINE.OBJ
C:\USERS\DISCO\DESKTOP\GEORGE\PACKAGES\BOX2D\SVN\BOX2D-READ-ONLY\BOX2D\BUILD\BOXENGINE\DEBUG\BOXENGINE.PCH
C:\USERS\DISCO\DESKTOP\GEORGE\PACKAGES\BOX2D\SVN\BOX2D-READ-ONLY\BOX2D\BUILD\BOXENGINE\DEBUG\DLLMAIN.OBJ
C:\USERS\DISCO\DESKTOP\GEORGE\PACKAGES\BOX2D\SVN\BOX2D-READ-ONLY\BOX2D\BUILD\BOXENGINE\DEBUG\STDAFX.OBJ
C:\USERS\DISCO\DESKTOP\GEORGE\PACKAGES\BOX2D\SVN\BOX2D-READ-ONLY\BOX2D\BUILD\BOXENGINE\DEBUG\VC100.PDB
C:\USERS\DISCO\DESKTOP\GEORGE\PACKAGES\BOX2D\SVN\BOX2D-READ-ONLY\BOX2D\BUILD\VS2010\DEBUG\BOXENGINE.DLL
C:\Users\Disco\Desktop\George\Packages\box2d\svn\box2d-read-only\Box2D\Build\vs2010\Debug\boxengine.exp
C:\USERS\DISCO\DESKTOP\GEORGE\PACKAGES\BOX2D\SVN\BOX2D-READ-ONLY\BOX2D\BUILD\VS2010\DEBUG\BOXENGINE.ILK
C:\Users\Disco\Desktop\George\Packages\box2d\svn\box2d-read-only\Box2D\Build\vs2010\Debug\boxengine.lib
C:\USERS\DISCO\DESKTOP\GEORGE\PACKAGES\BOX2D\SVN\BOX2D-READ-ONLY\BOX2D\BUILD\VS2010\DEBUG\BOXENGINE.PDB
