Build started 7/23/2012 11:33:20 PM.
     1>Project "C:\Users\Disco\Desktop\George\Packages\box2d\svn\box2d-read-only\Box2D\Build\vs2010\HelloWorld.vcxproj" on node 2 (build target(s)).
     1>InitializeBuildStatus:
         Creating "obj\x32\Debug\HelloWorld\HelloWorld.unsuccessfulbuild" because "AlwaysCreate" was specified.
       ClCompile:
         c:\Program Files\Microsoft Visual Studio 10.0\VC\bin\CL.exe /c /I..\.. /ZI /nologo /W3 /WX- /Od /Oy- /D _CRT_SECURE_NO_WARNINGS /D _MBCS /Gm /EHsc /RTC1 /MDd /GS /Gy /fp:precise /Zc:wchar_t /Zc:forScope /Fo"obj\x32\Debug\HelloWorld\\" /Fd"bin\Debug\HelloWorld.pdb" /Gd /TP /analyze- /errorReport:prompt ..\..\HelloWorld\Helloworld.cpp
         Helloworld.cpp
       ManifestResourceCompile:
         All outputs are up-to-date.
       Link:
         c:\Program Files\Microsoft Visual Studio 10.0\VC\bin\link.exe /ERRORREPORT:PROMPT /OUT:"bin\Debug\HelloWorld.exe" /INCREMENTAL /NOLOGO bin\Debug\Box2D.lib kernel32.lib user32.lib gdi32.lib winspool.lib comdlg32.lib advapi32.lib shell32.lib ole32.lib oleaut32.lib uuid.lib odbc32.lib odbccp32.lib /MANIFEST /ManifestFile:"obj\x32\Debug\HelloWorld\HelloWorld.exe.intermediate.manifest" /MANIFESTUAC:"level='asInvoker' uiAccess='false'" /DEBUG /PDB:"C:\Users\Disco\Desktop\George\Packages\box2d\svn\box2d-read-only\Box2D\Build\vs2010\bin\Debug\HelloWorld.pdb" /SUBSYSTEM:CONSOLE /TLBID:1 /ENTRY:"mainCRTStartup" /DYNAMICBASE /NXCOMPAT /IMPLIB:"bin\Debug\HelloWorld.lib" /MACHINE:X86 obj\x32\Debug\HelloWorld\HelloWorld.exe.embed.manifest.res
         obj\x32\Debug\HelloWorld\Helloworld.obj
       Manifest:
         C:\Program Files\Microsoft SDKs\Windows\v7.0A\bin\mt.exe /nologo /verbose /out:"obj\x32\Debug\HelloWorld\HelloWorld.exe.embed.manifest" /manifest obj\x32\Debug\HelloWorld\HelloWorld.exe.intermediate.manifest
         All outputs are up-to-date.
       LinkEmbedManifest:
         All outputs are up-to-date.
         HelloWorld.vcxproj -> C:\Users\Disco\Desktop\George\Packages\box2d\svn\box2d-read-only\Box2D\Build\vs2010\bin\Debug\HelloWorld.exe
       FinalizeBuildStatus:
         Deleting file "obj\x32\Debug\HelloWorld\HelloWorld.unsuccessfulbuild".
         Touching "obj\x32\Debug\HelloWorld\HelloWorld.lastbuildstate".
     1>Done Building Project "C:\Users\Disco\Desktop\George\Packages\box2d\svn\box2d-read-only\Box2D\Build\vs2010\HelloWorld.vcxproj" (build target(s)).

Build succeeded.

Time Elapsed 00:00:01.28
