bin\Debug\HelloWorld.ilk
bin\Debug\HelloWorld.pdb
C:\USERS\DISCO\DESKTOP\GEORGE\PACKAGES\BOX2D\SVN\BOX2D-READ-ONLY\BOX2D\BUILD\VS2010\BIN\DEBUG\HELLOWORLD.EXE
C:\USERS\DISCO\DESKTOP\GEORGE\PACKAGES\BOX2D\SVN\BOX2D-READ-ONLY\BOX2D\BUILD\VS2010\BIN\DEBUG\HELLOWORLD.ILK
C:\USERS\DISCO\DESKTOP\GEORGE\PACKAGES\BOX2D\SVN\BOX2D-READ-ONLY\BOX2D\BUILD\VS2010\BIN\DEBUG\HELLOWORLD.PDB
C:\Users\Disco\Desktop\George\Packages\box2d\svn\box2d-read-only\Box2D\Build\vs2010\obj\x32\Debug\HelloWorld\cl.command.1.tlog
C:\Users\Disco\Desktop\George\Packages\box2d\svn\box2d-read-only\Box2D\Build\vs2010\obj\x32\Debug\HelloWorld\CL.read.1.tlog
C:\Users\Disco\Desktop\George\Packages\box2d\svn\box2d-read-only\Box2D\Build\vs2010\obj\x32\Debug\HelloWorld\CL.write.1.tlog
C:\USERS\DISCO\DESKTOP\GEORGE\PACKAGES\BOX2D\SVN\BOX2D-READ-ONLY\BOX2D\BUILD\VS2010\OBJ\X32\DEBUG\HELLOWORLD\HELLOWORLD.EXE.EMBED.MANIFEST
C:\USERS\DISCO\DESKTOP\GEORGE\PACKAGES\BOX2D\SVN\BOX2D-READ-ONLY\BOX2D\BUILD\VS2010\OBJ\X32\DEBUG\HELLOWORLD\HELLOWORLD.EXE.EMBED.MANIFEST.RES
C:\USERS\DISCO\DESKTOP\GEORGE\PACKAGES\BOX2D\SVN\BOX2D-READ-ONLY\BOX2D\BUILD\VS2010\OBJ\X32\DEBUG\HELLOWORLD\HELLOWORLD.EXE.INTERMEDIATE.MANIFEST
C:\USERS\DISCO\DESKTOP\GEORGE\PACKAGES\BOX2D\SVN\BOX2D-READ-ONLY\BOX2D\BUILD\VS2010\OBJ\X32\DEBUG\HELLOWORLD\HELLOWORLD.OBJ
C:\Users\Disco\Desktop\George\Packages\box2d\svn\box2d-read-only\Box2D\Build\vs2010\obj\x32\Debug\HelloWorld\HelloWorld_manifest.rc
C:\Users\Disco\Desktop\George\Packages\box2d\svn\box2d-read-only\Box2D\Build\vs2010\obj\x32\Debug\HelloWorld\link.4776.read.1.tlog
C:\Users\Disco\Desktop\George\Packages\box2d\svn\box2d-read-only\Box2D\Build\vs2010\obj\x32\Debug\HelloWorld\link.4776.write.1.tlog
C:\Users\Disco\Desktop\George\Packages\box2d\svn\box2d-read-only\Box2D\Build\vs2010\obj\x32\Debug\HelloWorld\link.4776-cvtres.read.1.tlog
C:\Users\Disco\Desktop\George\Packages\box2d\svn\box2d-read-only\Box2D\Build\vs2010\obj\x32\Debug\HelloWorld\link.4776-cvtres.write.1.tlog
C:\Users\Disco\Desktop\George\Packages\box2d\svn\box2d-read-only\Box2D\Build\vs2010\obj\x32\Debug\HelloWorld\link.command.1.tlog
C:\Users\Disco\Desktop\George\Packages\box2d\svn\box2d-read-only\Box2D\Build\vs2010\obj\x32\Debug\HelloWorld\link.read.1.tlog
C:\Users\Disco\Desktop\George\Packages\box2d\svn\box2d-read-only\Box2D\Build\vs2010\obj\x32\Debug\HelloWorld\link.write.1.tlog
C:\Users\Disco\Desktop\George\Packages\box2d\svn\box2d-read-only\Box2D\Build\vs2010\obj\x32\Debug\HelloWorld\link-cvtres.read.1.tlog
C:\Users\Disco\Desktop\George\Packages\box2d\svn\box2d-read-only\Box2D\Build\vs2010\obj\x32\Debug\HelloWorld\link-cvtres.write.1.tlog
C:\Users\Disco\Desktop\George\Packages\box2d\svn\box2d-read-only\Box2D\Build\vs2010\obj\x32\Debug\HelloWorld\mt.command.1.tlog
C:\Users\Disco\Desktop\George\Packages\box2d\svn\box2d-read-only\Box2D\Build\vs2010\obj\x32\Debug\HelloWorld\mt.read.1.tlog
C:\Users\Disco\Desktop\George\Packages\box2d\svn\box2d-read-only\Box2D\Build\vs2010\obj\x32\Debug\HelloWorld\mt.write.1.tlog
C:\Users\Disco\Desktop\George\Packages\box2d\svn\box2d-read-only\Box2D\Build\vs2010\obj\x32\Debug\HelloWorld\rc.command.1.tlog
C:\Users\Disco\Desktop\George\Packages\box2d\svn\box2d-read-only\Box2D\Build\vs2010\obj\x32\Debug\HelloWorld\rc.read.1.tlog
C:\Users\Disco\Desktop\George\Packages\box2d\svn\box2d-read-only\Box2D\Build\vs2010\obj\x32\Debug\HelloWorld\rc.write.1.tlog
